2025-12-03 08:13:13,461 - reprocess_failed_images - INFO - Starting failed image reprocessing script
2025-12-03 08:13:13,462 - reprocess_failed_images - INFO - Arguments: dry_run=False, batch_size=10, limit=3, log_file=reprocess_20251203_081313.log
2025-12-03 08:13:13,462 - reprocess_failed_images - INFO - Querying for posts with sentiment_score = 0.0...
2025-12-03 08:13:13,462 - reprocess_failed_images - INFO - Found 3 posts with 0.0 sentiment
2025-12-03 08:13:13,462 - reprocess_failed_images - INFO - Filtering for 'no information' patterns...
2025-12-03 08:13:13,462 - reprocess_failed_images - INFO - Found 3 posts matching patterns
2025-12-03 08:13:13,462 - reprocess_failed_images - INFO - Found 3 image posts to reprocess
2025-12-03 08:13:13,462 - reprocess_failed_images - INFO - Initializing sentiment analyzer...
2025-12-03 08:13:13,462 - reprocess_failed_images - INFO - Starting reprocessing of 3 posts...
2025-12-03 08:13:13,463 - reprocess_failed_images - INFO - Successfully reprocessed full_test_0
2025-12-03 08:13:13,463 - reprocess_failed_images - INFO - Successfully reprocessed full_test_1
2025-12-03 08:13:13,463 - reprocess_failed_images - INFO - Successfully reprocessed full_test_2
2025-12-03 08:13:13,463 - reprocess_failed_images - INFO - Final statistics: {
  "total_found": 3,
  "filtered": 3,
  "image_posts": 3,
  "would_process": 3,
  "processed": 3,
  "successful": 3,
  "failed": 0,
  "skipped": 0,
  "success_rate": 100.0,
  "duration_seconds": 0.001149892807006836
}
2025-12-03 08:13:13,465 - reprocess_failed_images - INFO - Querying for posts with sentiment_score = 0.0...
2025-12-03 08:13:13,465 - reprocess_failed_images - INFO - Found 1 posts with 0.0 sentiment
2025-12-03 08:13:13,465 - reprocess_failed_images - INFO - Filtering for 'no information' patterns...
2025-12-03 08:13:13,465 - reprocess_failed_images - INFO - Found 0 posts matching patterns
2025-12-03 08:13:13,465 - reprocess_failed_images - INFO - Found 0 image posts to reprocess
2025-12-03 08:13:13,465 - reprocess_failed_images - INFO - Initializing sentiment analyzer...
2025-12-03 08:13:13,466 - reprocess_failed_images - INFO - No posts to reprocess
