2025-12-03 08:18:05,754 - reprocess_failed_images - INFO - Starting failed image reprocessing script
2025-12-03 08:18:05,754 - reprocess_failed_images - INFO - Arguments: dry_run=False, batch_size=10, limit=None, log_file=reprocess_20251203_081805.log
2025-12-03 08:18:05,849 - reprocess_failed_images - INFO - Querying for posts with sentiment_score = 0.0...
2025-12-03 08:18:06,469 - reprocess_failed_images - INFO - Found 201 posts with 0.0 sentiment
2025-12-03 08:18:06,469 - reprocess_failed_images - INFO - Filtering for 'no information' patterns...
2025-12-03 08:18:06,470 - reprocess_failed_images - INFO - Found 143 posts matching patterns
2025-12-03 08:18:06,470 - reprocess_failed_images - INFO - Found 18 image posts to reprocess
2025-12-03 08:18:06,470 - reprocess_failed_images - INFO - Initializing sentiment analyzer...
2025-12-03 08:18:06,470 - reprocess_failed_images - INFO - Starting reprocessing of 18 posts...
2025-12-03 08:18:09,165 - reprocess_failed_images - INFO - Successfully reprocessed 1pboom0
2025-12-03 08:18:12,422 - reprocess_failed_images - INFO - Successfully reprocessed 1pchvdf
2025-12-03 08:18:20,828 - reprocess_failed_images - INFO - Successfully reprocessed 1pcfl4a
2025-12-03 08:18:22,994 - reprocess_failed_images - INFO - Successfully reprocessed 1pccjcn
2025-12-03 08:18:25,060 - reprocess_failed_images - INFO - Successfully reprocessed 1pcbux0
2025-12-03 08:18:27,805 - reprocess_failed_images - INFO - Successfully reprocessed 1pcfpqy
2025-12-03 08:18:32,947 - reprocess_failed_images - INFO - Successfully reprocessed 1pcgew2
2025-12-03 08:18:36,307 - reprocess_failed_images - INFO - Successfully reprocessed 1pckb9e
2025-12-03 08:18:39,793 - reprocess_failed_images - INFO - Successfully reprocessed 1pclbh4
2025-12-03 08:18:44,628 - reprocess_failed_images - INFO - Successfully reprocessed 1pchbar
2025-12-03 08:18:48,658 - reprocess_failed_images - INFO - Successfully reprocessed 1pckr0r
2025-12-03 08:18:52,225 - reprocess_failed_images - INFO - Successfully reprocessed 1pbglyk
2025-12-03 08:18:55,307 - reprocess_failed_images - INFO - Successfully reprocessed 1pbgfx2
2025-12-03 08:19:00,268 - reprocess_failed_images - INFO - Successfully reprocessed 1pc246r
2025-12-03 08:19:03,638 - reprocess_failed_images - INFO - Successfully reprocessed 1pc3shl
2025-12-03 08:19:05,320 - reprocess_failed_images - INFO - Successfully reprocessed 1pca7x5
2025-12-03 08:19:08,059 - reprocess_failed_images - INFO - Successfully reprocessed 1pcaisq
2025-12-03 08:19:10,816 - reprocess_failed_images - INFO - Successfully reprocessed 1pcacsz
2025-12-03 08:19:10,817 - reprocess_failed_images - INFO - Final statistics: {
  "total_found": 201,
  "filtered": 143,
  "image_posts": 18,
  "would_process": 18,
  "processed": 18,
  "successful": 18,
  "failed": 0,
  "skipped": 125,
  "success_rate": 100.0,
  "duration_seconds": 64.96747875213623
}
