2025-12-03 08:16:42,712 - reprocess_failed_images - INFO - Starting failed image reprocessing script
2025-12-03 08:16:42,712 - reprocess_failed_images - INFO - Arguments: dry_run=False, batch_size=10, limit=3, log_file=reprocess_20251203_081642.log
2025-12-03 08:16:42,712 - reprocess_failed_images - INFO - Querying for posts with sentiment_score = 0.0...
2025-12-03 08:16:42,712 - reprocess_failed_images - INFO - Found 3 posts with 0.0 sentiment
2025-12-03 08:16:42,713 - reprocess_failed_images - INFO - Filtering for 'no information' patterns...
2025-12-03 08:16:42,713 - reprocess_failed_images - INFO - Found 3 posts matching patterns
2025-12-03 08:16:42,713 - reprocess_failed_images - INFO - Found 3 image posts to reprocess
2025-12-03 08:16:42,713 - reprocess_failed_images - INFO - Initializing sentiment analyzer...
2025-12-03 08:16:42,713 - reprocess_failed_images - INFO - Starting reprocessing of 3 posts...
2025-12-03 08:16:42,713 - reprocess_failed_images - INFO - Successfully reprocessed full_test_0
2025-12-03 08:16:42,713 - reprocess_failed_images - INFO - Successfully reprocessed full_test_1
2025-12-03 08:16:42,713 - reprocess_failed_images - INFO - Successfully reprocessed full_test_2
2025-12-03 08:16:42,713 - reprocess_failed_images - INFO - Final statistics: {
  "total_found": 3,
  "filtered": 3,
  "image_posts": 3,
  "would_process": 3,
  "processed": 3,
  "successful": 3,
  "failed": 0,
  "skipped": 0,
  "success_rate": 100.0,
  "duration_seconds": 0.0011317729949951172
}
2025-12-03 08:16:42,715 - reprocess_failed_images - INFO - Querying for posts with sentiment_score = 0.0...
2025-12-03 08:16:42,715 - reprocess_failed_images - INFO - Found 1 posts with 0.0 sentiment
2025-12-03 08:16:42,715 - reprocess_failed_images - INFO - Filtering for 'no information' patterns...
2025-12-03 08:16:42,715 - reprocess_failed_images - INFO - Found 1 posts matching patterns
2025-12-03 08:16:42,715 - reprocess_failed_images - INFO - Found 1 image posts to reprocess
2025-12-03 08:16:42,715 - reprocess_failed_images - INFO - Initializing sentiment analyzer...
2025-12-03 08:16:42,716 - reprocess_failed_images - INFO - Starting reprocessing of 1 posts...
2025-12-03 08:16:42,716 - reprocess_failed_images - WARNING - Failed to reprocess api_fail
